{"name": "test_methodD", "status": "failed", "statusDetails": {"message": "AssertionError: assert False", "trace": "def test_methodD():\n        print(\"This is method D\")\n>       assert False\nE       assert False\n\ntest_allureSteps.py:23: AssertionError"}, "start": 1671363536189, "stop": 1671363536189, "uuid": "c5f13dca-47ca-4b06-a988-f54e07bde7f9", "historyId": "4e9a78f0b5936ad839d7879bec285452", "testCaseId": "cff95f6c75ce6d819fb5780c275dd8a9", "fullName": "test_allureSteps#test_methodD", "labels": [{"name": "suite", "value": "test_allureSteps"}, {"name": "host", "value": "NahidNiloy14"}, {"name": "thread", "value": "11976-MainThread"}, {"name": "framework", "value": "pytest"}, {"name": "language", "value": "cpython3"}, {"name": "package", "value": "test_allureSteps"}]}